2014-07-12 13:47:15.372 HelloWorld[11503:80b] Multi-tasking -> Device: YES, App: YES
2014-07-12 13:47:15.403 HelloWorld[11503:80b] Unlimited access to network resources
2014-07-12 13:47:15.405 HelloWorld[11503:80b] 

Started backup to iCloud! Please be careful.
Your application might rejected by Apple if you store too much data.
For more information please read "iOS Data Storage Guidelines"
You could find it at the following address https://developer.apple.com/icloud/documentation/data-storage/ .

2014-07-12 13:47:18.113 HelloWorld[11503:80b] Resetting plugins due to page load.
2014-07-12 13:47:18.381 HelloWorld[11503:80b] Finished load of: file:///Users/SolutiaTonySpears/Library/Application%20Support/iPhone%20Simulator/7.0/Applications/7A7A7150-EE75-4856-A888-936D53A93C5E/HelloWorld.app/www/index.html
2014-07-14 08:55:55.928 HelloWorld[23180:80b] Multi-tasking -> Device: YES, App: YES
2014-07-14 08:55:55.935 HelloWorld[23180:80b] Unlimited access to network resources
2014-07-14 08:55:55.938 HelloWorld[23180:80b] 

Started backup to iCloud! Please be careful.
Your application might rejected by Apple if you store too much data.
For more information please read "iOS Data Storage Guidelines"
You could find it at the following address https://developer.apple.com/icloud/documentation/data-storage/ .

2014-07-14 08:55:56.036 HelloWorld[23180:80b] Resetting plugins due to page load.
2014-07-14 08:55:56.098 HelloWorld[23180:80b] Finished load of: file:///Users/SolutiaTonySpears/Library/Application%20Support/iPhone%20Simulator/7.0/Applications/9E15551E-C1F5-470F-92D1-E1C120C002D2/HelloWorld.app/www/index.html
2014-07-14 16:12:33.067 My Real Estate App[1191:80b] Multi-tasking -> Device: YES, App: YES
2014-07-14 16:12:33.241 My Real Estate App[1191:80b] Unlimited access to network resources
2014-07-14 16:12:33.244 My Real Estate App[1191:80b] Fix applied for database locations?: YES
2014-07-14 16:12:33.245 My Real Estate App[1191:80b] 

Started backup to iCloud! Please be careful.
Your application might rejected by Apple if you store too much data.
For more information please read "iOS Data Storage Guidelines"
You could find it at the following address https://developer.apple.com/icloud/documentation/data-storage/ .

2014-07-14 16:12:34.634 My Real Estate App[1191:80b] Resetting plugins due to page load.
2014-07-14 16:12:34.984 My Real Estate App[1191:80b] Finished load of: file:///Users/SolutiaTonySpears/Library/Application%20Support/iPhone%20Simulator/7.0/Applications/FB3F5D09-00C5-4731-9209-E9DBE37381B1/My%20Real%20Estate%20App.app/www/index.html
2014-07-14 16:13:24.461 My Real Estate App[1482:80b] Multi-tasking -> Device: YES, App: YES
2014-07-14 16:13:24.467 My Real Estate App[1482:80b] Unlimited access to network resources
2014-07-14 16:13:24.469 My Real Estate App[1482:80b] 

Started backup to iCloud! Please be careful.
Your application might rejected by Apple if you store too much data.
For more information please read "iOS Data Storage Guidelines"
You could find it at the following address https://developer.apple.com/icloud/documentation/data-storage/ .

2014-07-14 16:13:24.561 My Real Estate App[1482:80b] Resetting plugins due to page load.
2014-07-14 16:13:24.610 My Real Estate App[1482:80b] Finished load of: file:///Users/SolutiaTonySpears/Library/Application%20Support/iPhone%20Simulator/7.0/Applications/FB3F5D09-00C5-4731-9209-E9DBE37381B1/My%20Real%20Estate%20App.app/www/index.html
2014-07-14 16:14:11.979 My Real Estate App[1781:80b] Multi-tasking -> Device: YES, App: YES
2014-07-14 16:14:11.985 My Real Estate App[1781:80b] Unlimited access to network resources
2014-07-14 16:14:11.987 My Real Estate App[1781:80b] 

Started backup to iCloud! Please be careful.
Your application might rejected by Apple if you store too much data.
For more information please read "iOS Data Storage Guidelines"
You could find it at the following address https://developer.apple.com/icloud/documentation/data-storage/ .

2014-07-14 16:14:12.079 My Real Estate App[1781:80b] Resetting plugins due to page load.
2014-07-14 16:14:12.134 My Real Estate App[1781:80b] Finished load of: file:///Users/SolutiaTonySpears/Library/Application%20Support/iPhone%20Simulator/7.0/Applications/FB3F5D09-00C5-4731-9209-E9DBE37381B1/My%20Real%20Estate%20App.app/www/index.html
2014-07-14 16:15:12.613 My Real Estate App[2078:80b] Multi-tasking -> Device: YES, App: YES
2014-07-14 16:15:12.619 My Real Estate App[2078:80b] Unlimited access to network resources
2014-07-14 16:15:12.622 My Real Estate App[2078:80b] 

Started backup to iCloud! Please be careful.
Your application might rejected by Apple if you store too much data.
For more information please read "iOS Data Storage Guidelines"
You could find it at the following address https://developer.apple.com/icloud/documentation/data-storage/ .

2014-07-14 16:15:12.710 My Real Estate App[2078:80b] Resetting plugins due to page load.
2014-07-14 16:15:12.754 My Real Estate App[2078:80b] Finished load of: file:///Users/SolutiaTonySpears/Library/Application%20Support/iPhone%20Simulator/7.0/Applications/FB3F5D09-00C5-4731-9209-E9DBE37381B1/My%20Real%20Estate%20App.app/www/index.html
2014-07-14 16:16:06.200 My Real Estate App[2372:80b] Multi-tasking -> Device: YES, App: YES
2014-07-14 16:16:06.206 My Real Estate App[2372:80b] Unlimited access to network resources
2014-07-14 16:16:06.209 My Real Estate App[2372:80b] 

Started backup to iCloud! Please be careful.
Your application might rejected by Apple if you store too much data.
For more information please read "iOS Data Storage Guidelines"
You could find it at the following address https://developer.apple.com/icloud/documentation/data-storage/ .

2014-07-14 16:16:06.297 My Real Estate App[2372:80b] Resetting plugins due to page load.
2014-07-14 16:16:06.342 My Real Estate App[2372:80b] Finished load of: file:///Users/SolutiaTonySpears/Library/Application%20Support/iPhone%20Simulator/7.0/Applications/FB3F5D09-00C5-4731-9209-E9DBE37381B1/My%20Real%20Estate%20App.app/www/index.html
2014-07-14 16:16:49.475 My Real Estate App[2667:80b] Multi-tasking -> Device: YES, App: YES
2014-07-14 16:16:49.481 My Real Estate App[2667:80b] Unlimited access to network resources
2014-07-14 16:16:49.484 My Real Estate App[2667:80b] 

Started backup to iCloud! Please be careful.
Your application might rejected by Apple if you store too much data.
For more information please read "iOS Data Storage Guidelines"
You could find it at the following address https://developer.apple.com/icloud/documentation/data-storage/ .

2014-07-14 16:16:49.582 My Real Estate App[2667:80b] Resetting plugins due to page load.
2014-07-14 16:16:49.629 My Real Estate App[2667:80b] Finished load of: file:///Users/SolutiaTonySpears/Library/Application%20Support/iPhone%20Simulator/7.0/Applications/FB3F5D09-00C5-4731-9209-E9DBE37381B1/My%20Real%20Estate%20App.app/www/index.html
2014-07-14 16:18:57.965 My Real Estate App[2976:80b] Multi-tasking -> Device: YES, App: YES
2014-07-14 16:18:57.972 My Real Estate App[2976:80b] Unlimited access to network resources
2014-07-14 16:18:57.974 My Real Estate App[2976:80b] 

Started backup to iCloud! Please be careful.
Your application might rejected by Apple if you store too much data.
For more information please read "iOS Data Storage Guidelines"
You could find it at the following address https://developer.apple.com/icloud/documentation/data-storage/ .

2014-07-14 16:18:58.086 My Real Estate App[2976:80b] Resetting plugins due to page load.
2014-07-14 16:18:58.140 My Real Estate App[2976:80b] Finished load of: file:///Users/SolutiaTonySpears/Library/Application%20Support/iPhone%20Simulator/7.0/Applications/FB3F5D09-00C5-4731-9209-E9DBE37381B1/My%20Real%20Estate%20App.app/www/index.html
2014-07-14 16:34:00.545 My Real Estate App[3339:80b] Multi-tasking -> Device: YES, App: YES
2014-07-14 16:34:00.552 My Real Estate App[3339:80b] Unlimited access to network resources
2014-07-14 16:34:00.554 My Real Estate App[3339:80b] 

Started backup to iCloud! Please be careful.
Your application might rejected by Apple if you store too much data.
For more information please read "iOS Data Storage Guidelines"
You could find it at the following address https://developer.apple.com/icloud/documentation/data-storage/ .

2014-07-14 16:34:00.644 My Real Estate App[3339:80b] Resetting plugins due to page load.
2014-07-14 16:34:00.697 My Real Estate App[3339:80b] Finished load of: file:///Users/SolutiaTonySpears/Library/Application%20Support/iPhone%20Simulator/7.0/Applications/FB3F5D09-00C5-4731-9209-E9DBE37381B1/My%20Real%20Estate%20App.app/www/index.html
2014-07-14 16:35:37.190 My Real Estate App[3644:80b] Multi-tasking -> Device: YES, App: YES
2014-07-14 16:35:37.197 My Real Estate App[3644:80b] Unlimited access to network resources
2014-07-14 16:35:37.199 My Real Estate App[3644:80b] 

Started backup to iCloud! Please be careful.
Your application might rejected by Apple if you store too much data.
For more information please read "iOS Data Storage Guidelines"
You could find it at the following address https://developer.apple.com/icloud/documentation/data-storage/ .

2014-07-14 16:35:37.290 My Real Estate App[3644:80b] Resetting plugins due to page load.
2014-07-14 16:35:37.340 My Real Estate App[3644:80b] Finished load of: file:///Users/SolutiaTonySpears/Library/Application%20Support/iPhone%20Simulator/7.0/Applications/FB3F5D09-00C5-4731-9209-E9DBE37381B1/My%20Real%20Estate%20App.app/www/index.html
2014-07-14 16:36:12.382 My Real Estate App[3944:80b] Multi-tasking -> Device: YES, App: YES
2014-07-14 16:36:12.391 My Real Estate App[3944:80b] Unlimited access to network resources
2014-07-14 16:36:12.394 My Real Estate App[3944:80b] 

Started backup to iCloud! Please be careful.
Your application might rejected by Apple if you store too much data.
For more information please read "iOS Data Storage Guidelines"
You could find it at the following address https://developer.apple.com/icloud/documentation/data-storage/ .

2014-07-14 16:36:12.482 My Real Estate App[3944:80b] Resetting plugins due to page load.
2014-07-14 16:36:12.527 My Real Estate App[3944:80b] Finished load of: file:///Users/SolutiaTonySpears/Library/Application%20Support/iPhone%20Simulator/7.0/Applications/FB3F5D09-00C5-4731-9209-E9DBE37381B1/My%20Real%20Estate%20App.app/www/index.html
2014-07-14 16:44:01.160 My Real Estate App[4266:80b] Multi-tasking -> Device: YES, App: YES
2014-07-14 16:44:01.167 My Real Estate App[4266:80b] Unlimited access to network resources
2014-07-14 16:44:01.169 My Real Estate App[4266:80b] 

Started backup to iCloud! Please be careful.
Your application might rejected by Apple if you store too much data.
For more information please read "iOS Data Storage Guidelines"
You could find it at the following address https://developer.apple.com/icloud/documentation/data-storage/ .

2014-07-14 16:44:01.295 My Real Estate App[4266:80b] Resetting plugins due to page load.
2014-07-14 16:44:01.350 My Real Estate App[4266:80b] Finished load of: file:///Users/SolutiaTonySpears/Library/Application%20Support/iPhone%20Simulator/7.0/Applications/FB3F5D09-00C5-4731-9209-E9DBE37381B1/My%20Real%20Estate%20App.app/www/index.html
2014-07-15 15:14:10.956 My Real Estate[5632:80b] Multi-tasking -> Device: YES, App: YES
2014-07-15 15:14:11.381 My Real Estate[5632:80b] Unlimited access to network resources
2014-07-15 15:14:11.384 My Real Estate[5632:80b] 

Started backup to iCloud! Please be careful.
Your application might rejected by Apple if you store too much data.
For more information please read "iOS Data Storage Guidelines"
You could find it at the following address https://developer.apple.com/icloud/documentation/data-storage/ .

2014-07-15 15:14:12.938 My Real Estate[5632:80b] Resetting plugins due to page load.
2014-07-15 15:14:13.188 My Real Estate[5632:80b] Finished load of: file:///Users/SolutiaTonySpears/Library/Application%20Support/iPhone%20Simulator/7.0/Applications/2B30AFE9-8C7B-45B5-B410-626B47F27BC7/My%20Real%20Estate.app/www/index.html
2014-07-15 15:15:49.855 My Real Estate[5919:80b] Multi-tasking -> Device: YES, App: YES
2014-07-15 15:15:49.863 My Real Estate[5919:80b] Unlimited access to network resources
2014-07-15 15:15:49.866 My Real Estate[5919:80b] 

Started backup to iCloud! Please be careful.
Your application might rejected by Apple if you store too much data.
For more information please read "iOS Data Storage Guidelines"
You could find it at the following address https://developer.apple.com/icloud/documentation/data-storage/ .

2014-07-15 15:15:49.971 My Real Estate[5919:80b] Resetting plugins due to page load.
2014-07-15 15:15:50.029 My Real Estate[5919:80b] Finished load of: file:///Users/SolutiaTonySpears/Library/Application%20Support/iPhone%20Simulator/7.0/Applications/2B30AFE9-8C7B-45B5-B410-626B47F27BC7/My%20Real%20Estate.app/www/index.html
