2014-07-12 13:52:59.783 HelloWorld[11965:80b] Multi-tasking -> Device: YES, App: YES
2014-07-12 13:52:59.790 HelloWorld[11965:80b] Unlimited access to network resources
2014-07-12 13:52:59.792 HelloWorld[11965:80b] 

Started backup to iCloud! Please be careful.
Your application might rejected by Apple if you store too much data.
For more information please read "iOS Data Storage Guidelines"
You could find it at the following address https://developer.apple.com/icloud/documentation/data-storage/ .

2014-07-12 13:52:59.950 HelloWorld[11965:80b] Resetting plugins due to page load.
2014-07-12 13:53:00.153 HelloWorld[11965:80b] Finished load of: file:///Users/SolutiaTonySpears/Library/Application%20Support/iPhone%20Simulator/7.0/Applications/9E15551E-C1F5-470F-92D1-E1C120C002D2/HelloWorld.app/www/index.html
2014-07-12 13:53:51.382 HelloWorld[12242:80b] Multi-tasking -> Device: YES, App: YES
2014-07-12 13:53:51.392 HelloWorld[12242:80b] Unlimited access to network resources
2014-07-12 13:53:51.394 HelloWorld[12242:80b] 

Started backup to iCloud! Please be careful.
Your application might rejected by Apple if you store too much data.
For more information please read "iOS Data Storage Guidelines"
You could find it at the following address https://developer.apple.com/icloud/documentation/data-storage/ .

2014-07-12 13:53:51.435 HelloWorld[12242:80b] Resetting plugins due to page load.
2014-07-12 13:53:51.472 HelloWorld[12242:80b] Finished load of: file:///Users/SolutiaTonySpears/Library/Application%20Support/iPhone%20Simulator/7.0/Applications/9E15551E-C1F5-470F-92D1-E1C120C002D2/HelloWorld.app/www/index.html
2014-07-12 13:54:42.582 HelloWorld[12503:80b] Multi-tasking -> Device: YES, App: YES
2014-07-12 13:54:42.588 HelloWorld[12503:80b] Unlimited access to network resources
2014-07-12 13:54:42.590 HelloWorld[12503:80b] 

Started backup to iCloud! Please be careful.
Your application might rejected by Apple if you store too much data.
For more information please read "iOS Data Storage Guidelines"
You could find it at the following address https://developer.apple.com/icloud/documentation/data-storage/ .

2014-07-12 13:54:42.633 HelloWorld[12503:80b] Resetting plugins due to page load.
2014-07-12 13:54:42.657 HelloWorld[12503:80b] Finished load of: file:///Users/SolutiaTonySpears/Library/Application%20Support/iPhone%20Simulator/7.0/Applications/9E15551E-C1F5-470F-92D1-E1C120C002D2/HelloWorld.app/www/index.html
2014-07-12 13:55:10.368 HelloWorld[12790:80b] Multi-tasking -> Device: YES, App: YES
2014-07-12 13:55:10.374 HelloWorld[12790:80b] Unlimited access to network resources
2014-07-12 13:55:10.377 HelloWorld[12790:80b] 

Started backup to iCloud! Please be careful.
Your application might rejected by Apple if you store too much data.
For more information please read "iOS Data Storage Guidelines"
You could find it at the following address https://developer.apple.com/icloud/documentation/data-storage/ .

2014-07-12 13:55:10.493 HelloWorld[12790:80b] Resetting plugins due to page load.
2014-07-12 13:55:10.526 HelloWorld[12790:80b] Finished load of: file:///Users/SolutiaTonySpears/Library/Application%20Support/iPhone%20Simulator/7.0/Applications/9E15551E-C1F5-470F-92D1-E1C120C002D2/HelloWorld.app/www/index.html
2014-07-12 13:56:29.701 HelloWorld[13092:80b] Multi-tasking -> Device: YES, App: YES
2014-07-12 13:56:29.710 HelloWorld[13092:80b] Unlimited access to network resources
2014-07-12 13:56:29.713 HelloWorld[13092:80b] 

Started backup to iCloud! Please be careful.
Your application might rejected by Apple if you store too much data.
For more information please read "iOS Data Storage Guidelines"
You could find it at the following address https://developer.apple.com/icloud/documentation/data-storage/ .

2014-07-12 13:56:29.812 HelloWorld[13092:80b] Resetting plugins due to page load.
2014-07-12 13:56:29.844 HelloWorld[13092:80b] Finished load of: file:///Users/SolutiaTonySpears/Library/Application%20Support/iPhone%20Simulator/7.0/Applications/9E15551E-C1F5-470F-92D1-E1C120C002D2/HelloWorld.app/www/index.html
2014-07-12 13:57:31.861 HelloWorld[13390:80b] Multi-tasking -> Device: YES, App: YES
2014-07-12 13:57:31.868 HelloWorld[13390:80b] Unlimited access to network resources
2014-07-12 13:57:31.871 HelloWorld[13390:80b] 

Started backup to iCloud! Please be careful.
Your application might rejected by Apple if you store too much data.
For more information please read "iOS Data Storage Guidelines"
You could find it at the following address https://developer.apple.com/icloud/documentation/data-storage/ .

2014-07-12 13:57:31.967 HelloWorld[13390:80b] Resetting plugins due to page load.
2014-07-12 13:57:32.001 HelloWorld[13390:80b] Finished load of: file:///Users/SolutiaTonySpears/Library/Application%20Support/iPhone%20Simulator/7.0/Applications/9E15551E-C1F5-470F-92D1-E1C120C002D2/HelloWorld.app/www/index.html
2014-07-12 13:58:56.525 HelloWorld[13657:80b] Multi-tasking -> Device: YES, App: YES
2014-07-12 13:58:56.531 HelloWorld[13657:80b] Unlimited access to network resources
2014-07-12 13:58:56.533 HelloWorld[13657:80b] 

Started backup to iCloud! Please be careful.
Your application might rejected by Apple if you store too much data.
For more information please read "iOS Data Storage Guidelines"
You could find it at the following address https://developer.apple.com/icloud/documentation/data-storage/ .

2014-07-12 13:58:56.576 HelloWorld[13657:80b] Resetting plugins due to page load.
2014-07-12 13:58:56.921 HelloWorld[13657:80b] Finished load of: file:///Users/SolutiaTonySpears/Library/Application%20Support/iPhone%20Simulator/7.0/Applications/9E15551E-C1F5-470F-92D1-E1C120C002D2/HelloWorld.app/www/index.html
2014-07-12 13:59:22.995 HelloWorld[13944:80b] Multi-tasking -> Device: YES, App: YES
2014-07-12 13:59:23.001 HelloWorld[13944:80b] Unlimited access to network resources
2014-07-12 13:59:23.004 HelloWorld[13944:80b] 

Started backup to iCloud! Please be careful.
Your application might rejected by Apple if you store too much data.
For more information please read "iOS Data Storage Guidelines"
You could find it at the following address https://developer.apple.com/icloud/documentation/data-storage/ .

2014-07-12 13:59:23.083 HelloWorld[13944:80b] Resetting plugins due to page load.
2014-07-12 13:59:23.117 HelloWorld[13944:80b] Finished load of: file:///Users/SolutiaTonySpears/Library/Application%20Support/iPhone%20Simulator/7.0/Applications/9E15551E-C1F5-470F-92D1-E1C120C002D2/HelloWorld.app/www/index.html
2014-07-12 14:00:33.514 HelloWorld[14237:80b] Multi-tasking -> Device: YES, App: YES
2014-07-12 14:00:33.524 HelloWorld[14237:80b] Unlimited access to network resources
2014-07-12 14:00:33.528 HelloWorld[14237:80b] 

Started backup to iCloud! Please be careful.
Your application might rejected by Apple if you store too much data.
For more information please read "iOS Data Storage Guidelines"
You could find it at the following address https://developer.apple.com/icloud/documentation/data-storage/ .

2014-07-12 14:00:33.623 HelloWorld[14237:80b] Resetting plugins due to page load.
2014-07-12 14:00:33.655 HelloWorld[14237:80b] Finished load of: file:///Users/SolutiaTonySpears/Library/Application%20Support/iPhone%20Simulator/7.0/Applications/9E15551E-C1F5-470F-92D1-E1C120C002D2/HelloWorld.app/www/index.html
2014-07-12 14:01:17.623 HelloWorld[14530:80b] Multi-tasking -> Device: YES, App: YES
2014-07-12 14:01:17.629 HelloWorld[14530:80b] Unlimited access to network resources
2014-07-12 14:01:17.631 HelloWorld[14530:80b] 

Started backup to iCloud! Please be careful.
Your application might rejected by Apple if you store too much data.
For more information please read "iOS Data Storage Guidelines"
You could find it at the following address https://developer.apple.com/icloud/documentation/data-storage/ .

2014-07-12 14:01:17.725 HelloWorld[14530:80b] Resetting plugins due to page load.
2014-07-12 14:01:17.764 HelloWorld[14530:80b] Finished load of: file:///Users/SolutiaTonySpears/Library/Application%20Support/iPhone%20Simulator/7.0/Applications/9E15551E-C1F5-470F-92D1-E1C120C002D2/HelloWorld.app/www/index.html
2014-07-12 14:07:40.044 HelloWorld[14830:80b] Multi-tasking -> Device: YES, App: YES
2014-07-12 14:07:40.050 HelloWorld[14830:80b] Unlimited access to network resources
2014-07-12 14:07:40.054 HelloWorld[14830:80b] 

Started backup to iCloud! Please be careful.
Your application might rejected by Apple if you store too much data.
For more information please read "iOS Data Storage Guidelines"
You could find it at the following address https://developer.apple.com/icloud/documentation/data-storage/ .

2014-07-12 14:07:40.095 HelloWorld[14830:80b] Resetting plugins due to page load.
2014-07-12 14:07:40.123 HelloWorld[14830:80b] Finished load of: file:///Users/SolutiaTonySpears/Library/Application%20Support/iPhone%20Simulator/7.0/Applications/9E15551E-C1F5-470F-92D1-E1C120C002D2/HelloWorld.app/www/index.html
2014-07-12 14:07:56.181 HelloWorld[15128:80b] Multi-tasking -> Device: YES, App: YES
2014-07-12 14:07:56.187 HelloWorld[15128:80b] Unlimited access to network resources
2014-07-12 14:07:56.189 HelloWorld[15128:80b] 

Started backup to iCloud! Please be careful.
Your application might rejected by Apple if you store too much data.
For more information please read "iOS Data Storage Guidelines"
You could find it at the following address https://developer.apple.com/icloud/documentation/data-storage/ .

2014-07-12 14:07:56.293 HelloWorld[15128:80b] Resetting plugins due to page load.
2014-07-12 14:07:56.331 HelloWorld[15128:80b] Finished load of: file:///Users/SolutiaTonySpears/Library/Application%20Support/iPhone%20Simulator/7.0/Applications/9E15551E-C1F5-470F-92D1-E1C120C002D2/HelloWorld.app/www/index.html
2014-07-12 14:10:17.478 HelloWorld[15436:80b] Multi-tasking -> Device: YES, App: YES
2014-07-12 14:10:17.485 HelloWorld[15436:80b] Unlimited access to network resources
2014-07-12 14:10:17.487 HelloWorld[15436:80b] 

Started backup to iCloud! Please be careful.
Your application might rejected by Apple if you store too much data.
For more information please read "iOS Data Storage Guidelines"
You could find it at the following address https://developer.apple.com/icloud/documentation/data-storage/ .

2014-07-12 14:10:17.609 HelloWorld[15436:80b] Resetting plugins due to page load.
2014-07-12 14:10:17.658 HelloWorld[15436:80b] Finished load of: file:///Users/SolutiaTonySpears/Library/Application%20Support/iPhone%20Simulator/7.0/Applications/9E15551E-C1F5-470F-92D1-E1C120C002D2/HelloWorld.app/www/index.html
2014-07-12 14:10:48.371 HelloWorld[15738:80b] Multi-tasking -> Device: YES, App: YES
2014-07-12 14:10:48.380 HelloWorld[15738:80b] Unlimited access to network resources
2014-07-12 14:10:48.383 HelloWorld[15738:80b] 

Started backup to iCloud! Please be careful.
Your application might rejected by Apple if you store too much data.
For more information please read "iOS Data Storage Guidelines"
You could find it at the following address https://developer.apple.com/icloud/documentation/data-storage/ .

2014-07-12 14:10:48.483 HelloWorld[15738:80b] Resetting plugins due to page load.
2014-07-12 14:10:48.520 HelloWorld[15738:80b] Finished load of: file:///Users/SolutiaTonySpears/Library/Application%20Support/iPhone%20Simulator/7.0/Applications/9E15551E-C1F5-470F-92D1-E1C120C002D2/HelloWorld.app/www/index.html
2014-07-12 14:15:14.833 HelloWorld[16067:80b] Multi-tasking -> Device: YES, App: YES
2014-07-12 14:15:14.840 HelloWorld[16067:80b] Unlimited access to network resources
2014-07-12 14:15:14.842 HelloWorld[16067:80b] 

Started backup to iCloud! Please be careful.
Your application might rejected by Apple if you store too much data.
For more information please read "iOS Data Storage Guidelines"
You could find it at the following address https://developer.apple.com/icloud/documentation/data-storage/ .

2014-07-12 14:15:14.918 HelloWorld[16067:80b] Resetting plugins due to page load.
2014-07-12 14:15:15.016 HelloWorld[16067:80b] Finished load of: file:///Users/SolutiaTonySpears/Library/Application%20Support/iPhone%20Simulator/7.0/Applications/9E15551E-C1F5-470F-92D1-E1C120C002D2/HelloWorld.app/www/index.html
2014-07-12 14:17:09.098 HelloWorld[16373:80b] Multi-tasking -> Device: YES, App: YES
2014-07-12 14:17:09.104 HelloWorld[16373:80b] Unlimited access to network resources
2014-07-12 14:17:09.106 HelloWorld[16373:80b] 

Started backup to iCloud! Please be careful.
Your application might rejected by Apple if you store too much data.
For more information please read "iOS Data Storage Guidelines"
You could find it at the following address https://developer.apple.com/icloud/documentation/data-storage/ .

2014-07-12 14:17:09.217 HelloWorld[16373:80b] Resetting plugins due to page load.
2014-07-12 14:17:13.812 HelloWorld[16373:80b] Finished load of: file:///Users/SolutiaTonySpears/Library/Application%20Support/iPhone%20Simulator/7.0/Applications/9E15551E-C1F5-470F-92D1-E1C120C002D2/HelloWorld.app/www/index.html
2014-07-12 14:21:07.182 HelloWorld[16699:80b] Multi-tasking -> Device: YES, App: YES
2014-07-12 14:21:07.191 HelloWorld[16699:80b] Unlimited access to network resources
2014-07-12 14:21:07.193 HelloWorld[16699:80b] 

Started backup to iCloud! Please be careful.
Your application might rejected by Apple if you store too much data.
For more information please read "iOS Data Storage Guidelines"
You could find it at the following address https://developer.apple.com/icloud/documentation/data-storage/ .

2014-07-12 14:21:07.287 HelloWorld[16699:80b] Resetting plugins due to page load.
2014-07-12 14:21:07.336 HelloWorld[16699:80b] Finished load of: file:///Users/SolutiaTonySpears/Library/Application%20Support/iPhone%20Simulator/7.0/Applications/9E15551E-C1F5-470F-92D1-E1C120C002D2/HelloWorld.app/www/index.html
2014-07-12 14:21:46.034 HelloWorld[17007:80b] Multi-tasking -> Device: YES, App: YES
2014-07-12 14:21:46.041 HelloWorld[17007:80b] Unlimited access to network resources
2014-07-12 14:21:46.043 HelloWorld[17007:80b] 

Started backup to iCloud! Please be careful.
Your application might rejected by Apple if you store too much data.
For more information please read "iOS Data Storage Guidelines"
You could find it at the following address https://developer.apple.com/icloud/documentation/data-storage/ .

2014-07-12 14:21:46.134 HelloWorld[17007:80b] Resetting plugins due to page load.
2014-07-12 14:21:46.200 HelloWorld[17007:80b] Finished load of: file:///Users/SolutiaTonySpears/Library/Application%20Support/iPhone%20Simulator/7.0/Applications/9E15551E-C1F5-470F-92D1-E1C120C002D2/HelloWorld.app/www/index.html
2014-07-12 14:22:45.684 HelloWorld[17319:80b] Multi-tasking -> Device: YES, App: YES
2014-07-12 14:22:45.690 HelloWorld[17319:80b] Unlimited access to network resources
2014-07-12 14:22:45.692 HelloWorld[17319:80b] 

Started backup to iCloud! Please be careful.
Your application might rejected by Apple if you store too much data.
For more information please read "iOS Data Storage Guidelines"
You could find it at the following address https://developer.apple.com/icloud/documentation/data-storage/ .

2014-07-12 14:22:45.776 HelloWorld[17319:80b] Resetting plugins due to page load.
2014-07-12 14:22:50.371 HelloWorld[17319:80b] Finished load of: file:///Users/SolutiaTonySpears/Library/Application%20Support/iPhone%20Simulator/7.0/Applications/9E15551E-C1F5-470F-92D1-E1C120C002D2/HelloWorld.app/www/index.html
2014-07-12 14:24:17.681 HelloWorld[17633:80b] Multi-tasking -> Device: YES, App: YES
2014-07-12 14:24:17.688 HelloWorld[17633:80b] Unlimited access to network resources
2014-07-12 14:24:17.691 HelloWorld[17633:80b] 

Started backup to iCloud! Please be careful.
Your application might rejected by Apple if you store too much data.
For more information please read "iOS Data Storage Guidelines"
You could find it at the following address https://developer.apple.com/icloud/documentation/data-storage/ .

2014-07-12 14:24:17.783 HelloWorld[17633:80b] Resetting plugins due to page load.
2014-07-12 14:24:20.744 HelloWorld[17633:80b] Finished load of: file:///Users/SolutiaTonySpears/Library/Application%20Support/iPhone%20Simulator/7.0/Applications/9E15551E-C1F5-470F-92D1-E1C120C002D2/HelloWorld.app/www/index.html
2014-07-12 14:24:56.589 HelloWorld[17936:80b] Multi-tasking -> Device: YES, App: YES
2014-07-12 14:24:56.595 HelloWorld[17936:80b] Unlimited access to network resources
2014-07-12 14:24:56.598 HelloWorld[17936:80b] 

Started backup to iCloud! Please be careful.
Your application might rejected by Apple if you store too much data.
For more information please read "iOS Data Storage Guidelines"
You could find it at the following address https://developer.apple.com/icloud/documentation/data-storage/ .

2014-07-12 14:24:56.696 HelloWorld[17936:80b] Resetting plugins due to page load.
2014-07-12 14:24:59.947 HelloWorld[17936:80b] Finished load of: file:///Users/SolutiaTonySpears/Library/Application%20Support/iPhone%20Simulator/7.0/Applications/9E15551E-C1F5-470F-92D1-E1C120C002D2/HelloWorld.app/www/index.html
2014-07-12 14:25:24.793 HelloWorld[18244:80b] Multi-tasking -> Device: YES, App: YES
2014-07-12 14:25:24.799 HelloWorld[18244:80b] Unlimited access to network resources
2014-07-12 14:25:24.802 HelloWorld[18244:80b] 

Started backup to iCloud! Please be careful.
Your application might rejected by Apple if you store too much data.
For more information please read "iOS Data Storage Guidelines"
You could find it at the following address https://developer.apple.com/icloud/documentation/data-storage/ .

2014-07-12 14:25:24.895 HelloWorld[18244:80b] Resetting plugins due to page load.
2014-07-12 14:25:28.273 HelloWorld[18244:80b] Finished load of: file:///Users/SolutiaTonySpears/Library/Application%20Support/iPhone%20Simulator/7.0/Applications/9E15551E-C1F5-470F-92D1-E1C120C002D2/HelloWorld.app/www/index.html
2014-07-12 14:26:05.195 HelloWorld[18549:80b] Multi-tasking -> Device: YES, App: YES
2014-07-12 14:26:05.203 HelloWorld[18549:80b] Unlimited access to network resources
2014-07-12 14:26:05.206 HelloWorld[18549:80b] 

Started backup to iCloud! Please be careful.
Your application might rejected by Apple if you store too much data.
For more information please read "iOS Data Storage Guidelines"
You could find it at the following address https://developer.apple.com/icloud/documentation/data-storage/ .

2014-07-12 14:26:05.295 HelloWorld[18549:80b] Resetting plugins due to page load.
2014-07-12 14:26:08.830 HelloWorld[18549:80b] Finished load of: file:///Users/SolutiaTonySpears/Library/Application%20Support/iPhone%20Simulator/7.0/Applications/9E15551E-C1F5-470F-92D1-E1C120C002D2/HelloWorld.app/www/index.html
2014-07-12 14:26:36.869 HelloWorld[18856:80b] Multi-tasking -> Device: YES, App: YES
2014-07-12 14:26:36.876 HelloWorld[18856:80b] Unlimited access to network resources
2014-07-12 14:26:36.878 HelloWorld[18856:80b] 

Started backup to iCloud! Please be careful.
Your application might rejected by Apple if you store too much data.
For more information please read "iOS Data Storage Guidelines"
You could find it at the following address https://developer.apple.com/icloud/documentation/data-storage/ .

2014-07-12 14:26:36.971 HelloWorld[18856:80b] Resetting plugins due to page load.
2014-07-12 14:26:40.623 HelloWorld[18856:80b] Finished load of: file:///Users/SolutiaTonySpears/Library/Application%20Support/iPhone%20Simulator/7.0/Applications/9E15551E-C1F5-470F-92D1-E1C120C002D2/HelloWorld.app/www/index.html
2014-07-12 14:27:11.155 HelloWorld[19159:80b] Multi-tasking -> Device: YES, App: YES
2014-07-12 14:27:11.162 HelloWorld[19159:80b] Unlimited access to network resources
2014-07-12 14:27:11.164 HelloWorld[19159:80b] 

Started backup to iCloud! Please be careful.
Your application might rejected by Apple if you store too much data.
For more information please read "iOS Data Storage Guidelines"
You could find it at the following address https://developer.apple.com/icloud/documentation/data-storage/ .

2014-07-12 14:27:11.261 HelloWorld[19159:80b] Resetting plugins due to page load.
2014-07-12 14:27:11.319 HelloWorld[19159:80b] Finished load of: file:///Users/SolutiaTonySpears/Library/Application%20Support/iPhone%20Simulator/7.0/Applications/9E15551E-C1F5-470F-92D1-E1C120C002D2/HelloWorld.app/www/index.html
2014-07-12 14:27:45.088 HelloWorld[19470:80b] Multi-tasking -> Device: YES, App: YES
2014-07-12 14:27:45.097 HelloWorld[19470:80b] Unlimited access to network resources
2014-07-12 14:27:45.100 HelloWorld[19470:80b] 

Started backup to iCloud! Please be careful.
Your application might rejected by Apple if you store too much data.
For more information please read "iOS Data Storage Guidelines"
You could find it at the following address https://developer.apple.com/icloud/documentation/data-storage/ .

2014-07-12 14:27:45.213 HelloWorld[19470:80b] Resetting plugins due to page load.
2014-07-12 14:27:45.274 HelloWorld[19470:80b] Finished load of: file:///Users/SolutiaTonySpears/Library/Application%20Support/iPhone%20Simulator/7.0/Applications/9E15551E-C1F5-470F-92D1-E1C120C002D2/HelloWorld.app/www/index.html
2014-07-12 14:28:37.655 HelloWorld[19776:80b] Multi-tasking -> Device: YES, App: YES
2014-07-12 14:28:37.662 HelloWorld[19776:80b] Unlimited access to network resources
2014-07-12 14:28:37.664 HelloWorld[19776:80b] 

Started backup to iCloud! Please be careful.
Your application might rejected by Apple if you store too much data.
For more information please read "iOS Data Storage Guidelines"
You could find it at the following address https://developer.apple.com/icloud/documentation/data-storage/ .

2014-07-12 14:28:37.776 HelloWorld[19776:80b] Resetting plugins due to page load.
2014-07-12 14:28:37.827 HelloWorld[19776:80b] Finished load of: file:///Users/SolutiaTonySpears/Library/Application%20Support/iPhone%20Simulator/7.0/Applications/9E15551E-C1F5-470F-92D1-E1C120C002D2/HelloWorld.app/www/index.html
2014-07-12 14:30:29.064 HelloWorld[20093:80b] Multi-tasking -> Device: YES, App: YES
2014-07-12 14:30:29.073 HelloWorld[20093:80b] Unlimited access to network resources
2014-07-12 14:30:29.081 HelloWorld[20093:80b] 

Started backup to iCloud! Please be careful.
Your application might rejected by Apple if you store too much data.
For more information please read "iOS Data Storage Guidelines"
You could find it at the following address https://developer.apple.com/icloud/documentation/data-storage/ .

2014-07-12 14:30:29.184 HelloWorld[20093:80b] Resetting plugins due to page load.
2014-07-12 14:30:29.227 HelloWorld[20093:80b] Finished load of: file:///Users/SolutiaTonySpears/Library/Application%20Support/iPhone%20Simulator/7.0/Applications/9E15551E-C1F5-470F-92D1-E1C120C002D2/HelloWorld.app/www/index.html
2014-07-12 14:30:34.139 HelloWorld[20093:80b] Resetting plugins due to page load.
2014-07-12 14:30:34.163 HelloWorld[20093:80b] Finished load of: file:///Users/SolutiaTonySpears/Library/Application%20Support/iPhone%20Simulator/7.0/Applications/9E15551E-C1F5-470F-92D1-E1C120C002D2/HelloWorld.app/www/index.html?firstname=&lastname=&email=&phone=&availabledate1=&availabletime1=&availabledate2=&availabletime2=&propertyaddress=
2014-07-12 14:34:22.231 HelloWorld[20410:80b] Multi-tasking -> Device: YES, App: YES
2014-07-12 14:34:22.237 HelloWorld[20410:80b] Unlimited access to network resources
2014-07-12 14:34:22.240 HelloWorld[20410:80b] 

Started backup to iCloud! Please be careful.
Your application might rejected by Apple if you store too much data.
For more information please read "iOS Data Storage Guidelines"
You could find it at the following address https://developer.apple.com/icloud/documentation/data-storage/ .

2014-07-12 14:34:22.348 HelloWorld[20410:80b] Resetting plugins due to page load.
2014-07-12 14:34:22.405 HelloWorld[20410:80b] Finished load of: file:///Users/SolutiaTonySpears/Library/Application%20Support/iPhone%20Simulator/7.0/Applications/9E15551E-C1F5-470F-92D1-E1C120C002D2/HelloWorld.app/www/index.html
2014-07-12 14:34:39.234 HelloWorld[20410:80b] Resetting plugins due to page load.
2014-07-12 14:34:39.709 HelloWorld[20410:80b] Finished load of: file:///Users/SolutiaTonySpears/Library/Application%20Support/iPhone%20Simulator/7.0/Applications/9E15551E-C1F5-470F-92D1-E1C120C002D2/HelloWorld.app/www/index.html?firstname=Tony&lastname=Speasr&email=Blah&phone=Balh&availabledate1=2014-07-12&availabletime1=14%3A34&availabledate2=2014-07-12&availabletime2=14%3A34&propertyaddress=
2014-07-12 14:34:43.176 HelloWorld[20410:80b] Resetting plugins due to page load.
2014-07-12 14:34:43.198 HelloWorld[20410:80b] Finished load of: file:///Users/SolutiaTonySpears/Library/Application%20Support/iPhone%20Simulator/7.0/Applications/9E15551E-C1F5-470F-92D1-E1C120C002D2/HelloWorld.app/www/index.html?firstname=&lastname=&email=&phone=&availabledate1=&availabletime1=&availabledate2=&availabletime2=&propertyaddress=
2014-07-12 14:35:11.062 HelloWorld[20718:80b] Multi-tasking -> Device: YES, App: YES
2014-07-12 14:35:11.069 HelloWorld[20718:80b] Unlimited access to network resources
2014-07-12 14:35:11.071 HelloWorld[20718:80b] 

Started backup to iCloud! Please be careful.
Your application might rejected by Apple if you store too much data.
For more information please read "iOS Data Storage Guidelines"
You could find it at the following address https://developer.apple.com/icloud/documentation/data-storage/ .

2014-07-12 14:35:11.160 HelloWorld[20718:80b] Resetting plugins due to page load.
2014-07-12 14:35:11.212 HelloWorld[20718:80b] Finished load of: file:///Users/SolutiaTonySpears/Library/Application%20Support/iPhone%20Simulator/7.0/Applications/9E15551E-C1F5-470F-92D1-E1C120C002D2/HelloWorld.app/www/index.html
2014-07-12 14:36:22.282 HelloWorld[21026:80b] Multi-tasking -> Device: YES, App: YES
2014-07-12 14:36:22.292 HelloWorld[21026:80b] Unlimited access to network resources
2014-07-12 14:36:22.294 HelloWorld[21026:80b] 

Started backup to iCloud! Please be careful.
Your application might rejected by Apple if you store too much data.
For more information please read "iOS Data Storage Guidelines"
You could find it at the following address https://developer.apple.com/icloud/documentation/data-storage/ .

2014-07-12 14:36:22.380 HelloWorld[21026:80b] Resetting plugins due to page load.
2014-07-12 14:36:22.430 HelloWorld[21026:80b] Finished load of: file:///Users/SolutiaTonySpears/Library/Application%20Support/iPhone%20Simulator/7.0/Applications/9E15551E-C1F5-470F-92D1-E1C120C002D2/HelloWorld.app/www/index.html
2014-07-12 14:42:53.884 HelloWorld[21351:80b] Multi-tasking -> Device: YES, App: YES
2014-07-12 14:42:53.893 HelloWorld[21351:80b] Unlimited access to network resources
2014-07-12 14:42:53.896 HelloWorld[21351:80b] 

Started backup to iCloud! Please be careful.
Your application might rejected by Apple if you store too much data.
For more information please read "iOS Data Storage Guidelines"
You could find it at the following address https://developer.apple.com/icloud/documentation/data-storage/ .

2014-07-12 14:42:53.982 HelloWorld[21351:80b] Resetting plugins due to page load.
2014-07-12 14:42:54.032 HelloWorld[21351:80b] Finished load of: file:///Users/SolutiaTonySpears/Library/Application%20Support/iPhone%20Simulator/7.0/Applications/9E15551E-C1F5-470F-92D1-E1C120C002D2/HelloWorld.app/www/index.html
2014-07-12 14:43:24.949 HelloWorld[21655:80b] Multi-tasking -> Device: YES, App: YES
2014-07-12 14:43:24.955 HelloWorld[21655:80b] Unlimited access to network resources
2014-07-12 14:43:24.957 HelloWorld[21655:80b] 

Started backup to iCloud! Please be careful.
Your application might rejected by Apple if you store too much data.
For more information please read "iOS Data Storage Guidelines"
You could find it at the following address https://developer.apple.com/icloud/documentation/data-storage/ .

2014-07-12 14:43:25.062 HelloWorld[21655:80b] Resetting plugins due to page load.
2014-07-12 14:43:25.120 HelloWorld[21655:80b] Finished load of: file:///Users/SolutiaTonySpears/Library/Application%20Support/iPhone%20Simulator/7.0/Applications/9E15551E-C1F5-470F-92D1-E1C120C002D2/HelloWorld.app/www/index.html
2014-07-12 14:48:15.159 HelloWorld[21988:80b] Multi-tasking -> Device: YES, App: YES
2014-07-12 14:48:15.167 HelloWorld[21988:80b] Unlimited access to network resources
2014-07-12 14:48:15.170 HelloWorld[21988:80b] 

Started backup to iCloud! Please be careful.
Your application might rejected by Apple if you store too much data.
For more information please read "iOS Data Storage Guidelines"
You could find it at the following address https://developer.apple.com/icloud/documentation/data-storage/ .

2014-07-12 14:48:15.288 HelloWorld[21988:80b] Resetting plugins due to page load.
2014-07-12 14:48:15.337 HelloWorld[21988:80b] Finished load of: file:///Users/SolutiaTonySpears/Library/Application%20Support/iPhone%20Simulator/7.0/Applications/9E15551E-C1F5-470F-92D1-E1C120C002D2/HelloWorld.app/www/index.html
2014-07-14 08:44:12.406 HelloWorld[22534:80b] Multi-tasking -> Device: YES, App: YES
2014-07-14 08:44:12.415 HelloWorld[22534:80b] Unlimited access to network resources
2014-07-14 08:44:12.418 HelloWorld[22534:80b] 

Started backup to iCloud! Please be careful.
Your application might rejected by Apple if you store too much data.
For more information please read "iOS Data Storage Guidelines"
You could find it at the following address https://developer.apple.com/icloud/documentation/data-storage/ .

2014-07-14 08:44:12.507 HelloWorld[22534:80b] Resetting plugins due to page load.
2014-07-14 08:44:12.554 HelloWorld[22534:80b] Finished load of: file:///Users/SolutiaTonySpears/Library/Application%20Support/iPhone%20Simulator/7.0/Applications/9E15551E-C1F5-470F-92D1-E1C120C002D2/HelloWorld.app/www/index.html
2014-07-14 08:51:49.011 HelloWorld[22874:80b] Multi-tasking -> Device: YES, App: YES
2014-07-14 08:51:49.023 HelloWorld[22874:80b] Unlimited access to network resources
2014-07-14 08:51:49.026 HelloWorld[22874:80b] 

Started backup to iCloud! Please be careful.
Your application might rejected by Apple if you store too much data.
For more information please read "iOS Data Storage Guidelines"
You could find it at the following address https://developer.apple.com/icloud/documentation/data-storage/ .

2014-07-14 08:51:49.121 HelloWorld[22874:80b] Resetting plugins due to page load.
2014-07-14 08:51:49.171 HelloWorld[22874:80b] Finished load of: file:///Users/SolutiaTonySpears/Library/Application%20Support/iPhone%20Simulator/7.0/Applications/9E15551E-C1F5-470F-92D1-E1C120C002D2/HelloWorld.app/www/index.html
